<?xml version="1.0" encoding="UTF-8"?>
<!-- Generated by org.testng.reporters.JUnitXMLReporter -->
<testsuite hostname="NITISH" ignored="0" name="Default test" tests="4" failures="0" timestamp="12 Nov 2018 04:37:19 GMT" time="111.936" errors="0">
  <testcase name="Login" time="35.358" classname="testCases.TestCases"/>
  <testcase name="EnterTrainDetails" time="3.253" classname="testCases.TestCases"/>
  <testcase name="SelctTrainAndClassType" time="4.908" classname="testCases.TestCases"/>
  <testcase name="EnterPassengersDetails" time="64.889" classname="testCases.TestCases"/>
</testsuite> <!-- Default test -->
