<?xml version="1.0" encoding="UTF-8"?>
<testng-results skipped="0" failed="0" ignored="0" total="4" passed="4">
  <reporter-output>
  </reporter-output>
  <suite name="Default suite" duration-ms="57609" started-at="2018-11-13T04:20:51Z" finished-at="2018-11-13T04:21:49Z">
    <groups>
    </groups>
    <test name="Default test" duration-ms="57609" started-at="2018-11-13T04:20:51Z" finished-at="2018-11-13T04:21:49Z">
      <class name="testCases.TestCases">
        <test-method status="PASS" signature="Initialize()[pri:0, instance:testCases.TestCases@37374a5e]" name="Initialize" is-config="true" duration-ms="4186" started-at="2018-11-13T09:50:51Z" finished-at="2018-11-13T09:50:55Z">
          <reporter-output>
          </reporter-output>
        </test-method> <!-- Initialize -->
        <test-method status="PASS" signature="Login()[pri:0, instance:testCases.TestCases@37374a5e]" name="Login" duration-ms="18837" started-at="2018-11-13T09:50:55Z" finished-at="2018-11-13T09:51:14Z">
          <reporter-output>
          </reporter-output>
        </test-method> <!-- Login -->
        <test-method status="PASS" signature="EnterTrainDetails()[pri:0, instance:testCases.TestCases@37374a5e]" name="EnterTrainDetails" duration-ms="3437" started-at="2018-11-13T09:51:14Z" depends-on-methods="testCases.TestCases.Login" finished-at="2018-11-13T09:51:18Z">
          <reporter-output>
          </reporter-output>
        </test-method> <!-- EnterTrainDetails -->
        <test-method status="PASS" signature="SelctTrainAndClassType()[pri:0, instance:testCases.TestCases@37374a5e]" name="SelctTrainAndClassType" duration-ms="4577" started-at="2018-11-13T09:51:18Z" depends-on-methods="testCases.TestCases.EnterTrainDetails" finished-at="2018-11-13T09:51:22Z">
          <reporter-output>
          </reporter-output>
        </test-method> <!-- SelctTrainAndClassType -->
        <test-method status="PASS" signature="EnterPassengersDetails()[pri:0, instance:testCases.TestCases@37374a5e]" name="EnterPassengersDetails" duration-ms="26441" started-at="2018-11-13T09:51:22Z" depends-on-methods="testCases.TestCases.SelctTrainAndClassType" finished-at="2018-11-13T09:51:49Z">
          <reporter-output>
          </reporter-output>
        </test-method> <!-- EnterPassengersDetails -->
        <test-method status="PASS" signature="ExitTest()[pri:0, instance:testCases.TestCases@37374a5e]" name="ExitTest" is-config="true" duration-ms="114" started-at="2018-11-13T09:51:49Z" finished-at="2018-11-13T09:51:49Z">
          <reporter-output>
          </reporter-output>
        </test-method> <!-- ExitTest -->
      </class> <!-- testCases.TestCases -->
    </test> <!-- Default test -->
  </suite> <!-- Default suite -->
</testng-results>
