<?xml version="1.0" encoding="UTF-8"?>
<testng-results skipped="0" failed="0" ignored="0" total="4" passed="4">
  <reporter-output>
  </reporter-output>
  <suite name="Default suite" duration-ms="111936" started-at="2018-11-12T04:35:27Z" finished-at="2018-11-12T04:37:19Z">
    <groups>
    </groups>
    <test name="Default test" duration-ms="111936" started-at="2018-11-12T04:35:27Z" finished-at="2018-11-12T04:37:19Z">
      <class name="testCases.TestCases">
        <test-method status="PASS" signature="Initialize()[pri:0, instance:testCases.TestCases@71d15f18]" name="Initialize" is-config="true" duration-ms="3424" started-at="2018-11-12T10:05:27Z" finished-at="2018-11-12T10:05:31Z">
          <reporter-output>
          </reporter-output>
        </test-method> <!-- Initialize -->
        <test-method status="PASS" signature="Login()[pri:0, instance:testCases.TestCases@71d15f18]" name="Login" duration-ms="35358" started-at="2018-11-12T10:05:31Z" finished-at="2018-11-12T10:06:06Z">
          <reporter-output>
          </reporter-output>
        </test-method> <!-- Login -->
        <test-method status="PASS" signature="EnterTrainDetails()[pri:0, instance:testCases.TestCases@71d15f18]" name="EnterTrainDetails" duration-ms="3253" started-at="2018-11-12T10:06:06Z" depends-on-methods="testCases.TestCases.Login" finished-at="2018-11-12T10:06:09Z">
          <reporter-output>
          </reporter-output>
        </test-method> <!-- EnterTrainDetails -->
        <test-method status="PASS" signature="SelctTrainAndClassType()[pri:0, instance:testCases.TestCases@71d15f18]" name="SelctTrainAndClassType" duration-ms="4908" started-at="2018-11-12T10:06:09Z" depends-on-methods="testCases.TestCases.EnterTrainDetails" finished-at="2018-11-12T10:06:14Z">
          <reporter-output>
          </reporter-output>
        </test-method> <!-- SelctTrainAndClassType -->
        <test-method status="PASS" signature="EnterPassengersDetails()[pri:0, instance:testCases.TestCases@71d15f18]" name="EnterPassengersDetails" duration-ms="64889" started-at="2018-11-12T10:06:14Z" depends-on-methods="testCases.TestCases.SelctTrainAndClassType" finished-at="2018-11-12T10:07:19Z">
          <reporter-output>
          </reporter-output>
        </test-method> <!-- EnterPassengersDetails -->
        <test-method status="PASS" signature="ExitTest()[pri:0, instance:testCases.TestCases@71d15f18]" name="ExitTest" is-config="true" duration-ms="79" started-at="2018-11-12T10:07:19Z" finished-at="2018-11-12T10:07:19Z">
          <reporter-output>
          </reporter-output>
        </test-method> <!-- ExitTest -->
      </class> <!-- testCases.TestCases -->
    </test> <!-- Default test -->
  </suite> <!-- Default suite -->
</testng-results>
